<?xml version="1.0" encoding="UTF-8"?>
<!-- Generated by org.testng.reporters.JUnitReportReporter -->
<testsuite hostname="LAPTOP-CEPQKL4D" failures="0" tests="1" name="_1_Scripts._1_Open_Firefox_Browser" time="4.278" errors="0" timestamp="2021-12-03T11:17:19 IST" skipped="0">
  <testcase classname="_1_Scripts._1_Open_Firefox_Browser" name="OpenBrowser" time="4.278"/>
  <system-out/>
</testsuite> <!-- _1_Scripts._1_Open_Firefox_Browser -->
