<?xml version="1.0" encoding="UTF-8"?>
<!-- Generated by org.testng.reporters.JUnitReportReporter -->
<testsuite hostname="LAPTOP-CEPQKL4D" failures="0" tests="1" name="_1_Scripts.TestingGithubCommit" time="0.013" errors="0" timestamp="2021-12-07T11:14:13 IST" skipped="0">
  <testcase classname="_1_Scripts.TestingGithubCommit" name="Testin" time="0.013"/>
  <system-out>
    <![CDATA[Testing]]>
  </system-out>
</testsuite> <!-- _1_Scripts.TestingGithubCommit -->
